<?xml version="1.0" encoding="UTF-8"?>
<testsuite xmlns:xsi="http://www.w3.org/2001/XMLSchema-instance" xsi:noNamespaceSchemaLocation="https://maven.apache.org/surefire/maven-surefire-plugin/xsd/surefire-test-report.xsd" version="3.0.2" name="ExerciseTest" time="0.029" tests="11" errors="0" skipped="0" failures="0">
  <properties>
[...]
</properties>
  <testcase name="testSetAndGetSecondaryMuscles" classname="ExerciseTest" time="0.001"/>
  <testcase name="testVersionIncrement" classname="ExerciseTest" time="0.002"/>
  <testcase name="testSetAndGetName" classname="ExerciseTest" time="0.002"/>
  <testcase name="testSetAndGetPrimaryMuscles" classname="ExerciseTest" time="0.002"/>
  <testcase name="testSetAndGetMechanic" classname="ExerciseTest" time="0.001"/>
  <testcase name="testExerciseCreation" classname="ExerciseTest" time="0.001"/>
  <testcase name="testSetAndGetForce" classname="ExerciseTest" time="0.0"/>
  <testcase name="testSetAndGetLevel" classname="ExerciseTest" time="0.0"/>
  <testcase name="testSetAndGetCategory" classname="ExerciseTest" time="0.001"/>
  <testcase name="testSetAndGetEquipment" classname="ExerciseTest" time="0.001"/>
  <testcase name="testSetAndGetInstructions" classname="ExerciseTest" time="0.0"/>
</testsuite>